<?xml version="1.0" encoding="UTF-8"?>
<!-- Generated by org.testng.reporters.JUnitXMLReporter -->
<testsuite ignored="1" hostname="DESKTOP-AQVOTS7" failures="0" tests="3" name="Default test" time="16.008" errors="0" timestamp="2025-01-23T02:51:38 EET">
  <testcase classname="MyPackage.MyTestCases" name="ADDData" time="0.039"/>
  <testcase classname="MyPackage.MyTestCases" name="UpdateData" time="0.008"/>
  <testcase classname="MyPackage.MyTestCases" name="ReadData" time="2.467"/>
  <testcase classname="MyPackage.MyTestCases" name="DeleteData" time="0.0">
    <ignored/>
  </testcase> <!-- DeleteData -->
</testsuite> <!-- Default test -->
